<?xml version="1.0" encoding="UTF-8"?>
<testsuite name="WordsVirtuosoTest" tests="1" skipped="0" failures="0" errors="0" timestamp="2022-12-14T17:41:08" hostname="MSI" time="1.101">
  <properties/>
  <testcase name="start" classname="WordsVirtuosoTest" time="1.101"/>
  <system-out><![CDATA[?[1;31m
Start test 1?[0m
Error: Wrong number of arguments.
Error: Wrong number of arguments.
Error: Wrong number of arguments.
?[1;31m
Start test 2?[0m
Error: The words file noexist.txt doesn't exist.
Error: The candidate words file noexist.txt doesn't exist.
?[1;31m
Start test 3?[0m
Error: 7 invalid words were found in the wrongwords.txt file.
?[1;31m
Start test 4?[0m
Error: 9 invalid words were found in the wrongcandidates.txt file.
?[1;31m
Start test 5?[0m
Error: 3 candidate words are not included in the somewords.txt file.
?[1;31m
Start test 6?[0m
Words Virtuoso
Input a 5-letter word:
?[1;31m
Start test 7?[0m
Words Virtuoso
Input a 5-letter word:
> trains
The input isn't a 5-letter word.
Input a 5-letter word:
> One
The input isn't a 5-letter word.
Input a 5-letter word:
> Four
The input isn't a 5-letter word.
Input a 5-letter word:
> Two Words
The input isn't a 5-letter word.
Input a 5-letter word:
> trouvée
The input isn't a 5-letter word.
Input a 5-letter word:
> ΗΛΙΟΣ
One or more letters of the input aren't valid.
Input a 5-letter word:
> étage
One or more letters of the input aren't valid.
Input a 5-letter word:
> word1
One or more letters of the input aren't valid.
Input a 5-letter word:
> 12345
One or more letters of the input aren't valid.
Input a 5-letter word:
> walls
The input has duplicate letters.
Input a 5-letter word:
> hello
The input has duplicate letters.
Input a 5-letter word:
> pizza
The input has duplicate letters.
Input a 5-letter word:
> exit
The game is over.
?[1;31m
Start test 8?[0m
Words Virtuoso
Input a 5-letter word:
> abcde
The input word isn't included in my words list.
Input a 5-letter word:
> KLMNO
The input word isn't included in my words list.
Input a 5-letter word:
> qwert
The input word isn't included in my words list.
Input a 5-letter word:
> AsDfG
The input word isn't included in my words list.
Input a 5-letter word:
> exit
The game is over.
?[1;31m
Start test 9?[0m
Words Virtuoso
Input a 5-letter word:
> azure
?[48:5:10mA?[0m?[48:5:10mZ?[0m?[48:5:10mU?[0m?[48:5:10mR?[0m?[48:5:10mE?[0m
Correct!
Amazing luck! The solution was found at once.
?[1;31m
Start test 10?[0m
Words Virtuoso
Input a 5-letter word:
> cover
?[48:5:10mC?[0m?[48:5:10mO?[0m?[48:5:7mV?[0m?[48:5:7mE?[0m?[48:5:7mR?[0m
?[48:5:14mERV?[0m
Input a 5-letter word:
> guild
?[48:5:10mC?[0m?[48:5:10mO?[0m?[48:5:7mV?[0m?[48:5:7mE?[0m?[48:5:7mR?[0m
?[48:5:7mG?[0m?[48:5:11mU?[0m?[48:5:7mI?[0m?[48:5:10mL?[0m?[48:5:10mD?[0m
?[48:5:14mEGIRV?[0m
Input a 5-letter word:
> could
?[48:5:10mC?[0m?[48:5:10mO?[0m?[48:5:7mV?[0m?[48:5:7mE?[0m?[48:5:7mR?[0m
?[48:5:7mG?[0m?[48:5:11mU?[0m?[48:5:7mI?[0m?[48:5:10mL?[0m?[48:5:10mD?[0m
?[48:5:10mC?[0m?[48:5:10mO?[0m?[48:5:10mU?[0m?[48:5:10mL?[0m?[48:5:10mD?[0m
Correct!
The solution was found after 3 tries in 0 seconds.
?[1;31m
Start test 11?[0m
Words Virtuoso
Input a 5-letter word:
> mouse
?[48:5:10mM?[0m?[48:5:7mO?[0m?[48:5:11mU?[0m?[48:5:11mS?[0m?[48:5:7mE?[0m
?[48:5:14mEO?[0m
Input a 5-letter word:
> poker
?[48:5:10mM?[0m?[48:5:7mO?[0m?[48:5:11mU?[0m?[48:5:11mS?[0m?[48:5:7mE?[0m
?[48:5:7mP?[0m?[48:5:7mO?[0m?[48:5:7mK?[0m?[48:5:7mE?[0m?[48:5:7mR?[0m
?[48:5:14mEKOPR?[0m
Input a 5-letter word:
> tulip
?[48:5:10mM?[0m?[48:5:7mO?[0m?[48:5:11mU?[0m?[48:5:11mS?[0m?[48:5:7mE?[0m
?[48:5:7mP?[0m?[48:5:7mO?[0m?[48:5:7mK?[0m?[48:5:7mE?[0m?[48:5:7mR?[0m
?[48:5:7mT?[0m?[48:5:10mU?[0m?[48:5:7mL?[0m?[48:5:10mI?[0m?[48:5:7mP?[0m
?[48:5:14mEKLOPRT?[0m
Input a 5-letter word:
> music
?[48:5:10mM?[0m?[48:5:7mO?[0m?[48:5:11mU?[0m?[48:5:11mS?[0m?[48:5:7mE?[0m
?[48:5:7mP?[0m?[48:5:7mO?[0m?[48:5:7mK?[0m?[48:5:7mE?[0m?[48:5:7mR?[0m
?[48:5:7mT?[0m?[48:5:10mU?[0m?[48:5:7mL?[0m?[48:5:10mI?[0m?[48:5:7mP?[0m
?[48:5:10mM?[0m?[48:5:10mU?[0m?[48:5:10mS?[0m?[48:5:10mI?[0m?[48:5:10mC?[0m
Correct!
The solution was found after 4 tries in 0 seconds.
?[1;31m
Start test 12?[0m
Words Virtuoso
Input a 5-letter word:
> cover
?[48:5:10mC?[0m?[48:5:10mO?[0m?[48:5:10mV?[0m?[48:5:10mE?[0m?[48:5:10mR?[0m
Correct!
Amazing luck! The solution was found at once.
Words Virtuoso
Input a 5-letter word:
> cover
?[48:5:10mC?[0m?[48:5:10mO?[0m?[48:5:7mV?[0m?[48:5:7mE?[0m?[48:5:7mR?[0m
?[48:5:14mERV?[0m
Input a 5-letter word:
> guild
?[48:5:10mC?[0m?[48:5:10mO?[0m?[48:5:7mV?[0m?[48:5:7mE?[0m?[48:5:7mR?[0m
?[48:5:7mG?[0m?[48:5:11mU?[0m?[48:5:7mI?[0m?[48:5:10mL?[0m?[48:5:10mD?[0m
?[48:5:14mEGIRV?[0m
Input a 5-letter word:
> could
?[48:5:10mC?[0m?[48:5:10mO?[0m?[48:5:7mV?[0m?[48:5:7mE?[0m?[48:5:7mR?[0m
?[48:5:7mG?[0m?[48:5:11mU?[0m?[48:5:7mI?[0m?[48:5:10mL?[0m?[48:5:10mD?[0m
?[48:5:10mC?[0m?[48:5:10mO?[0m?[48:5:10mU?[0m?[48:5:10mL?[0m?[48:5:10mD?[0m
Correct!
The solution was found after 3 tries in 0 seconds.
Words Virtuoso
Input a 5-letter word:
> cover
?[48:5:10mC?[0m?[48:5:10mO?[0m?[48:5:10mV?[0m?[48:5:10mE?[0m?[48:5:10mR?[0m
Correct!
Amazing luck! The solution was found at once.
Words Virtuoso
Input a 5-letter word:
> cover
?[48:5:7mC?[0m?[48:5:7mO?[0m?[48:5:7mV?[0m?[48:5:7mE?[0m?[48:5:7mR?[0m
?[48:5:14mCEORV?[0m
Input a 5-letter word:
> guild
?[48:5:7mC?[0m?[48:5:7mO?[0m?[48:5:7mV?[0m?[48:5:7mE?[0m?[48:5:7mR?[0m
?[48:5:10mG?[0m?[48:5:10mU?[0m?[48:5:10mI?[0m?[48:5:10mL?[0m?[48:5:10mD?[0m
Correct!
The solution was found after 2 tries in 0 seconds.
Words Virtuoso
Input a 5-letter word:
> cover
?[48:5:10mC?[0m?[48:5:10mO?[0m?[48:5:7mV?[0m?[48:5:7mE?[0m?[48:5:7mR?[0m
?[48:5:14mERV?[0m
Input a 5-letter word:
> guild
?[48:5:10mC?[0m?[48:5:10mO?[0m?[48:5:7mV?[0m?[48:5:7mE?[0m?[48:5:7mR?[0m
?[48:5:7mG?[0m?[48:5:11mU?[0m?[48:5:7mI?[0m?[48:5:10mL?[0m?[48:5:10mD?[0m
?[48:5:14mEGIRV?[0m
Input a 5-letter word:
> could
?[48:5:10mC?[0m?[48:5:10mO?[0m?[48:5:7mV?[0m?[48:5:7mE?[0m?[48:5:7mR?[0m
?[48:5:7mG?[0m?[48:5:11mU?[0m?[48:5:7mI?[0m?[48:5:10mL?[0m?[48:5:10mD?[0m
?[48:5:10mC?[0m?[48:5:10mO?[0m?[48:5:10mU?[0m?[48:5:10mL?[0m?[48:5:10mD?[0m
Correct!
The solution was found after 3 tries in 0 seconds.
Words Virtuoso
Input a 5-letter word:
> cover
?[48:5:10mC?[0m?[48:5:10mO?[0m?[48:5:10mV?[0m?[48:5:10mE?[0m?[48:5:10mR?[0m
Correct!
Amazing luck! The solution was found at once.
Words Virtuoso
Input a 5-letter word:
> cover
?[48:5:10mC?[0m?[48:5:10mO?[0m?[48:5:7mV?[0m?[48:5:7mE?[0m?[48:5:7mR?[0m
?[48:5:14mERV?[0m
Input a 5-letter word:
> guild
?[48:5:10mC?[0m?[48:5:10mO?[0m?[48:5:7mV?[0m?[48:5:7mE?[0m?[48:5:7mR?[0m
?[48:5:7mG?[0m?[48:5:11mU?[0m?[48:5:7mI?[0m?[48:5:10mL?[0m?[48:5:10mD?[0m
?[48:5:14mEGIRV?[0m
Input a 5-letter word:
> could
?[48:5:10mC?[0m?[48:5:10mO?[0m?[48:5:7mV?[0m?[48:5:7mE?[0m?[48:5:7mR?[0m
?[48:5:7mG?[0m?[48:5:11mU?[0m?[48:5:7mI?[0m?[48:5:10mL?[0m?[48:5:10mD?[0m
?[48:5:10mC?[0m?[48:5:10mO?[0m?[48:5:10mU?[0m?[48:5:10mL?[0m?[48:5:10mD?[0m
Correct!
The solution was found after 3 tries in 0 seconds.
Words Virtuoso
Input a 5-letter word:
> cover
?[48:5:7mC?[0m?[48:5:7mO?[0m?[48:5:7mV?[0m?[48:5:7mE?[0m?[48:5:7mR?[0m
?[48:5:14mCEORV?[0m
Input a 5-letter word:
> guild
?[48:5:7mC?[0m?[48:5:7mO?[0m?[48:5:7mV?[0m?[48:5:7mE?[0m?[48:5:7mR?[0m
?[48:5:10mG?[0m?[48:5:10mU?[0m?[48:5:10mI?[0m?[48:5:10mL?[0m?[48:5:10mD?[0m
Correct!
The solution was found after 2 tries in 0 seconds.
Words Virtuoso
Input a 5-letter word:
> cover
?[48:5:10mC?[0m?[48:5:10mO?[0m?[48:5:7mV?[0m?[48:5:7mE?[0m?[48:5:7mR?[0m
?[48:5:14mERV?[0m
Input a 5-letter word:
> guild
?[48:5:10mC?[0m?[48:5:10mO?[0m?[48:5:7mV?[0m?[48:5:7mE?[0m?[48:5:7mR?[0m
?[48:5:7mG?[0m?[48:5:11mU?[0m?[48:5:7mI?[0m?[48:5:10mL?[0m?[48:5:10mD?[0m
?[48:5:14mEGIRV?[0m
Input a 5-letter word:
> could
?[48:5:10mC?[0m?[48:5:10mO?[0m?[48:5:7mV?[0m?[48:5:7mE?[0m?[48:5:7mR?[0m
?[48:5:7mG?[0m?[48:5:11mU?[0m?[48:5:7mI?[0m?[48:5:10mL?[0m?[48:5:10mD?[0m
?[48:5:10mC?[0m?[48:5:10mO?[0m?[48:5:10mU?[0m?[48:5:10mL?[0m?[48:5:10mD?[0m
Correct!
The solution was found after 3 tries in 0 seconds.
Words Virtuoso
Input a 5-letter word:
> cover
?[48:5:10mC?[0m?[48:5:10mO?[0m?[48:5:7mV?[0m?[48:5:7mE?[0m?[48:5:7mR?[0m
?[48:5:14mERV?[0m
Input a 5-letter word:
> guild
?[48:5:10mC?[0m?[48:5:10mO?[0m?[48:5:7mV?[0m?[48:5:7mE?[0m?[48:5:7mR?[0m
?[48:5:7mG?[0m?[48:5:11mU?[0m?[48:5:7mI?[0m?[48:5:10mL?[0m?[48:5:10mD?[0m
?[48:5:14mEGIRV?[0m
Input a 5-letter word:
> could
?[48:5:10mC?[0m?[48:5:10mO?[0m?[48:5:7mV?[0m?[48:5:7mE?[0m?[48:5:7mR?[0m
?[48:5:7mG?[0m?[48:5:11mU?[0m?[48:5:7mI?[0m?[48:5:10mL?[0m?[48:5:10mD?[0m
?[48:5:10mC?[0m?[48:5:10mO?[0m?[48:5:10mU?[0m?[48:5:10mL?[0m?[48:5:10mD?[0m
Correct!
The solution was found after 3 tries in 0 seconds.
Words Virtuoso
Input a 5-letter word:
> cover
?[48:5:7mC?[0m?[48:5:7mO?[0m?[48:5:7mV?[0m?[48:5:7mE?[0m?[48:5:7mR?[0m
?[48:5:14mCEORV?[0m
Input a 5-letter word:
> guild
?[48:5:7mC?[0m?[48:5:7mO?[0m?[48:5:7mV?[0m?[48:5:7mE?[0m?[48:5:7mR?[0m
?[48:5:10mG?[0m?[48:5:10mU?[0m?[48:5:10mI?[0m?[48:5:10mL?[0m?[48:5:10mD?[0m
Correct!
The solution was found after 2 tries in 0 seconds.
Words Virtuoso
Input a 5-letter word:
> cover
?[48:5:7mC?[0m?[48:5:7mO?[0m?[48:5:7mV?[0m?[48:5:7mE?[0m?[48:5:7mR?[0m
?[48:5:14mCEORV?[0m
Input a 5-letter word:
> guild
?[48:5:7mC?[0m?[48:5:7mO?[0m?[48:5:7mV?[0m?[48:5:7mE?[0m?[48:5:7mR?[0m
?[48:5:10mG?[0m?[48:5:10mU?[0m?[48:5:10mI?[0m?[48:5:10mL?[0m?[48:5:10mD?[0m
Correct!
The solution was found after 2 tries in 0 seconds.
Words Virtuoso
Input a 5-letter word:
> cover
?[48:5:7mC?[0m?[48:5:7mO?[0m?[48:5:7mV?[0m?[48:5:7mE?[0m?[48:5:7mR?[0m
?[48:5:14mCEORV?[0m
Input a 5-letter word:
> guild
?[48:5:7mC?[0m?[48:5:7mO?[0m?[48:5:7mV?[0m?[48:5:7mE?[0m?[48:5:7mR?[0m
?[48:5:10mG?[0m?[48:5:10mU?[0m?[48:5:10mI?[0m?[48:5:10mL?[0m?[48:5:10mD?[0m
Correct!
The solution was found after 2 tries in 0 seconds.
Words Virtuoso
Input a 5-letter word:
> cover
?[48:5:10mC?[0m?[48:5:10mO?[0m?[48:5:7mV?[0m?[48:5:7mE?[0m?[48:5:7mR?[0m
?[48:5:14mERV?[0m
Input a 5-letter word:
> guild
?[48:5:10mC?[0m?[48:5:10mO?[0m?[48:5:7mV?[0m?[48:5:7mE?[0m?[48:5:7mR?[0m
?[48:5:7mG?[0m?[48:5:11mU?[0m?[48:5:7mI?[0m?[48:5:10mL?[0m?[48:5:10mD?[0m
?[48:5:14mEGIRV?[0m
Input a 5-letter word:
> could
?[48:5:10mC?[0m?[48:5:10mO?[0m?[48:5:7mV?[0m?[48:5:7mE?[0m?[48:5:7mR?[0m
?[48:5:7mG?[0m?[48:5:11mU?[0m?[48:5:7mI?[0m?[48:5:10mL?[0m?[48:5:10mD?[0m
?[48:5:10mC?[0m?[48:5:10mO?[0m?[48:5:10mU?[0m?[48:5:10mL?[0m?[48:5:10mD?[0m
Correct!
The solution was found after 3 tries in 0 seconds.
Words Virtuoso
Input a 5-letter word:
> cover
?[48:5:7mC?[0m?[48:5:7mO?[0m?[48:5:7mV?[0m?[48:5:7mE?[0m?[48:5:7mR?[0m
?[48:5:14mCEORV?[0m
Input a 5-letter word:
> guild
?[48:5:7mC?[0m?[48:5:7mO?[0m?[48:5:7mV?[0m?[48:5:7mE?[0m?[48:5:7mR?[0m
?[48:5:10mG?[0m?[48:5:10mU?[0m?[48:5:10mI?[0m?[48:5:10mL?[0m?[48:5:10mD?[0m
Correct!
The solution was found after 2 tries in 0 seconds.
]]></system-out>
  <system-err><![CDATA[]]></system-err>
</testsuite>
